<?xml version="1.0" encoding="UTF-8"?>
<!-- Generated by org.testng.reporters.JUnitReportReporter -->
<testsuite hostname="LAPTOP-3HNND56P" failures="0" tests="1" name="test.HomePageTest" time="0.002" errors="0" timestamp="2022-03-11T22:57:17 IST" skipped="0">
  <testcase classname="test.HomePageTest" name="test3" time="0.002"/>
  <system-out/>
</testsuite> <!-- test.HomePageTest -->
