<?xml version="1.0" encoding="UTF-8"?>
<!-- Generated by org.testng.reporters.JUnitReportReporter -->
<testsuite hostname="LAPTOP-3HNND56P" failures="0" tests="1" name="pckg2.CheckoutTest" time="0.002" errors="0" timestamp="2022-03-11T23:57:23 IST" skipped="0">
  <testcase classname="pckg2.CheckoutTest" name="test4" time="0.002"/>
  <system-out/>
</testsuite> <!-- pckg2.CheckoutTest -->
