<?xml version="1.0" encoding="UTF-8"?>
<!-- Generated by org.testng.reporters.JUnitReportReporter -->
<testsuite hostname="LAPTOP-3HNND56P" failures="0" tests="2" name="test.AnnotationExample" time="0.012" errors="0" timestamp="2022-03-11T22:57:16 IST" skipped="0">
  <testcase classname="test.AnnotationExample" name="test1" time="0.007"/>
  <system-out/>
  <testcase classname="test.AnnotationExample" name="test2" time="0.005"/>
  <system-out/>
</testsuite> <!-- test.AnnotationExample -->
