<?xml version="1.0" encoding="UTF-8"?>
<!-- Generated by org.testng.reporters.JUnitReportReporter -->
<testsuite hostname="LAPTOP-3HNND56P" failures="0" tests="2" name="pckg1.AnnotationExample" time="0.007" errors="0" timestamp="2022-03-12T00:14:20 IST" skipped="1">
  <testcase classname="pckg1.AnnotationExample" name="test2" time="0.007"/>
  <system-out/>
  <testcase classname="pckg1.AnnotationExample" name="test1">
    <skipped/>
  </testcase> <!-- test1 -->
  <system-out/>
</testsuite> <!-- pckg1.AnnotationExample -->
